#
# A fatal error has been detected by the Java Runtime Environment:
#
#  SIGBUS (0xa) at pc=0x00000001011ede92, pid=80517, tid=0x0000000000001903
#
# JRE version: Java(TM) SE Runtime Environment (8.0_131-b11) (build 1.8.0_131-b11)
# Java VM: Java HotSpot(TM) 64-Bit Server VM (25.131-b11 mixed mode bsd-amd64 compressed oops)
# Problematic frame:
# C  [libzip.dylib+0x2e92]  newEntry+0x154
#
# Failed to write core dump. Core dumps have been disabled. To enable core dumping, try "ulimit -c unlimited" before starting Java again
#
# If you would like to submit a bug report, please visit:
#   http://bugreport.java.com/bugreport/crash.jsp
# The crash happened outside the Java Virtual Machine in native code.
# See problematic frame for where to report the bug.
#

---------------  T H R E A D  ---------------

Current thread (0x00007fd2e7807800):  JavaThread "main" [_thread_in_native, id=6403, stack(0x0000700003c7a000,0x0000700003d7a000)]

siginfo: si_signo: 10 (SIGBUS), si_code: 2 (BUS_ADRERR), si_addr: 0x000000010119d679

Registers:
RAX=0x00007fd2e6f7a550, RBX=0x000000010119d66d, RCX=0x0000000000000000, RDX=0x0000000000000010
RSP=0x0000700003d77ad0, RBP=0x0000700003d77b30, RSI=0x000000002e6d5d44, RDI=0x00000000000005d5
R8 =0x000000002e6d5d40, R9 =0x00000000fffffff0, R10=0x00007fd2e6d00000, R11=0x00006ff86df6c696
R12=0x00007fd2e6f7a6e0, R13=0x0000000000000070, R14=0x0000000058a405b8, R15=0x00007fd2e6d54300
RIP=0x00000001011ede92, EFLAGS=0x0000000000010202, ERR=0x0000000000000004
  TRAPNO=0x000000000000000e

Top of Stack: (sp=0x0000700003d77ad0)
0x0000700003d77ad0:   0000700003d77c10 0000000001bba6a2
0x0000700003d77ae0:   00007fd2e7807800 0000000101fd14c8
0x0000700003d77af0:   0000700003d77b10 00007fd2e6f7a550
0x0000700003d77b00:   00007fd2e6d5d3f0 00007fd2e6f7a550
0x0000700003d77b10:   00007fd2e6f7a6e0 0000000000000070
0x0000700003d77b20:   0000000058a405b8 00007fd2e6d54300
0x0000700003d77b30:   0000700003d77b90 00000001011ee52d
0x0000700003d77b40:   0000700003d77bc8 0000700003d77bc7
0x0000700003d77b50:   0000001800000000 0000001900807800
0x0000700003d77b60:   0000700003d77bae 0000700003d77ff8
0x0000700003d77b70:   0000000000000019 0000700003d77bae
0x0000700003d77b80:   00007fd2e6f7a550 00007fd2e78079f8
0x0000700003d77b90:   0000700003d77fe0 00000001011ed238
0x0000700003d77ba0:   0000000107f823a8 6c78000100000000
0x0000700003d77bb0:   6568736b726f772f 656568732f737465
0x0000700003d77bc0:   006c6d782e313274 0000000000000180
0x0000700003d77bd0:   0000700003d77c10 0000000000000000
0x0000700003d77be0:   00007fd2e7807800 0000000107f823a8
0x0000700003d77bf0:   00007fd2e6d096f0 0000000000000180
0x0000700003d77c00:   00007fd2e7807800 0000700003d77d10
0x0000700003d77c10:   0000700003d77c90 0000000101aa13e4
0x0000700003d77c20:   00007fd2e7807800 0000000101f43033
0x0000700003d77c30:   00000002ffffffff 0000000107f823a8
0x0000700003d77c40:   00007fd2e7807800 0000000107f823a8
0x0000700003d77c50:   00007fd2e7807800 0000000107f823a8
0x0000700003d77c60:   0000000107f823a8 0000000000000002
0x0000700003d77c70:   0000000107f823a8 0000000101aa1270
0x0000700003d77c80:   0000700003d77dc0 00007fd2e6d096f0
0x0000700003d77c90:   0000700003d77d80 0000000101f028a4
0x0000700003d77ca0:   00007fd2e7807800 000001ec49332c00
0x0000700003d77cb0:   0000000000000012 0000700003d77cb8
0x0000700003d77cc0:   0000000107f3b600 0000000000023ab1 

Instructions: (pc=0x00000001011ede92)
0x00000001011ede72:   49 8b 7f 38 e8 5b 1b 00 00 4d 89 77 38 49 89 5f
0x00000001011ede82:   40 4c 89 f0 48 85 c0 0f 84 11 05 00 00 48 89 c3
0x00000001011ede92:   0f b6 43 0c 0f b6 4b 0d 48 c1 e1 08 48 01 c1 0f
0x00000001011edea2:   b6 43 0e 0f b6 53 0f 48 c1 e2 08 48 01 c2 48 c1 

Register to memory mapping:

RAX=0x00007fd2e6f7a550 is an unknown value
RBX=0x000000010119d66d is an unknown value
RCX=0x0000000000000000 is an unknown value
RDX=0x0000000000000010 is an unknown value
RSP=0x0000700003d77ad0 is pointing into the stack for thread: 0x00007fd2e7807800
RBP=0x0000700003d77b30 is pointing into the stack for thread: 0x00007fd2e7807800
RSI=0x000000002e6d5d44 is an unknown value
RDI=0x00000000000005d5 is an unknown value
R8 =0x000000002e6d5d40 is an unknown value
R9 =0x00000000fffffff0 is an unknown value
R10=0x00007fd2e6d00000 is an unknown value
R11=0x00006ff86df6c696 is an unknown value
R12=0x00007fd2e6f7a6e0 is an unknown value
R13=0x0000000000000070 is an unknown value
R14=0x0000000058a405b8 is an unknown value
R15=0x00007fd2e6d54300 is an unknown value


Stack: [0x0000700003c7a000,0x0000700003d7a000],  sp=0x0000700003d77ad0,  free space=1014k
Native frames: (J=compiled Java code, j=interpreted, Vv=VM code, C=native code)
C  [libzip.dylib+0x2e92]  newEntry+0x154
C  [libzip.dylib+0x352d]  ZIP_GetEntry2+0xd4
C  [libzip.dylib+0x2238]  Java_java_util_zip_ZipFile_getEntry+0xcf
J 113  java.util.zip.ZipFile.getEntry(J[BZ)J (0 bytes) @ 0x000000011115ac8e [0x000000011115abc0+0xce]
J 325 C1 java.util.zip.ZipFile.getInputStream(Ljava/util/zip/ZipEntry;)Ljava/io/InputStream; (304 bytes) @ 0x00000001111ffe4c [0x00000001111ffac0+0x38c]
j  org.apache.poi.openxml4j.util.ZipSecureFile.getInputStream(Ljava/util/zip/ZipEntry;)Ljava/io/InputStream;+2
j  org.apache.poi.openxml4j.util.ZipFileZipEntrySource.getInputStream(Ljava/util/zip/ZipEntry;)Ljava/io/InputStream;+22
j  org.apache.poi.openxml4j.opc.ZipPackagePart.getInputStreamImpl()Ljava/io/InputStream;+14
j  org.apache.poi.openxml4j.opc.PackagePart.getInputStream()Ljava/io/InputStream;+1
j  org.apache.poi.openxml4j.opc.internal.marshallers.ZipPartMarshaller.marshall(Lorg/apache/poi/openxml4j/opc/PackagePart;Ljava/io/OutputStream;)Z+121
j  org.apache.poi.openxml4j.opc.ZipPackagePart.save(Ljava/io/OutputStream;)Z+9
j  org.apache.poi.openxml4j.opc.internal.marshallers.DefaultMarshaller.marshall(Lorg/apache/poi/openxml4j/opc/PackagePart;Ljava/io/OutputStream;)Z+2
j  org.apache.poi.openxml4j.opc.ZipPackage.saveImpl(Ljava/io/OutputStream;)V+380
j  org.apache.poi.openxml4j.opc.OPCPackage.save(Ljava/io/OutputStream;)V+6
j  org.apache.poi.openxml4j.opc.OPCPackage.save(Ljava/io/File;)V+64
j  org.apache.poi.openxml4j.opc.ZipPackage.closeImpl()V+71
j  org.apache.poi.openxml4j.opc.OPCPackage.close()V+138
j  com.alibaba.excel.analysis.ExcelAnalyserImpl.finish()V+66
j  com.alibaba.excel.ExcelReader.finish()V+17
j  com.alibaba.easyexcel.test.demo.readwrite.ReadWriteTest.sortWords(Ljava/lang/String;II)Ljava/util/List;+92
j  com.alibaba.easyexcel.test.demo.readwrite.ReadWriteTest.TestSortWords()V+93
v  ~StubRoutines::call_stub
V  [libjvm.dylib+0x2ee5b6]
V  [libjvm.dylib+0x4d3488]
V  [libjvm.dylib+0x4d39bc]
V  [libjvm.dylib+0x3469b8]
j  sun.reflect.NativeMethodAccessorImpl.invoke0(Ljava/lang/reflect/Method;Ljava/lang/Object;[Ljava/lang/Object;)Ljava/lang/Object;+0
j  sun.reflect.NativeMethodAccessorImpl.invoke(Ljava/lang/Object;[Ljava/lang/Object;)Ljava/lang/Object;+100
j  sun.reflect.DelegatingMethodAccessorImpl.invoke(Ljava/lang/Object;[Ljava/lang/Object;)Ljava/lang/Object;+6
j  java.lang.reflect.Method.invoke(Ljava/lang/Object;[Ljava/lang/Object;)Ljava/lang/Object;+56
j  org.junit.runners.model.FrameworkMethod$1.runReflectiveCall()Ljava/lang/Object;+15
j  org.junit.internal.runners.model.ReflectiveCallable.run()Ljava/lang/Object;+1
j  org.junit.runners.model.FrameworkMethod.invokeExplosively(Ljava/lang/Object;[Ljava/lang/Object;)Ljava/lang/Object;+10
j  org.junit.internal.runners.statements.InvokeMethod.evaluate()V+12
j  org.junit.runners.ParentRunner.runLeaf(Lorg/junit/runners/model/Statement;Lorg/junit/runner/Description;Lorg/junit/runner/notification/RunNotifier;)V+17
j  org.junit.runners.BlockJUnit4ClassRunner.runChild(Lorg/junit/runners/model/FrameworkMethod;Lorg/junit/runner/notification/RunNotifier;)V+30
j  org.junit.runners.BlockJUnit4ClassRunner.runChild(Ljava/lang/Object;Lorg/junit/runner/notification/RunNotifier;)V+6
j  org.junit.runners.ParentRunner$3.run()V+12
j  org.junit.runners.ParentRunner$1.schedule(Ljava/lang/Runnable;)V+1
j  org.junit.runners.ParentRunner.runChildren(Lorg/junit/runner/notification/RunNotifier;)V+44
j  org.junit.runners.ParentRunner.access$000(Lorg/junit/runners/ParentRunner;Lorg/junit/runner/notification/RunNotifier;)V+2
j  org.junit.runners.ParentRunner$2.evaluate()V+8
j  org.junit.runners.ParentRunner.run(Lorg/junit/runner/notification/RunNotifier;)V+20
j  org.junit.runner.JUnitCore.run(Lorg/junit/runner/Runner;)Lorg/junit/runner/Result;+37
j  com.intellij.junit4.JUnit4IdeaTestRunner.startRunnerWithArgs([Ljava/lang/String;Ljava/lang/String;IZ)I+146
j  com.intellij.rt.execution.junit.IdeaTestRunner$Repeater.startRunnerWithArgs(Lcom/intellij/rt/execution/junit/IdeaTestRunner;[Ljava/lang/String;Ljava/util/ArrayList;Ljava/lang/String;IZ)I+20
j  com.intellij.rt.execution.junit.JUnitStarter.prepareStreamsAndStart([Ljava/lang/String;Ljava/lang/String;Ljava/util/ArrayList;Ljava/lang/String;)I+116
j  com.intellij.rt.execution.junit.JUnitStarter.main([Ljava/lang/String;)V+116
v  ~StubRoutines::call_stub
V  [libjvm.dylib+0x2ee5b6]
V  [libjvm.dylib+0x3253ce]
V  [libjvm.dylib+0x31e145]
C  [java+0x3931]  JavaMain+0x9c4
C  [libsystem_pthread.dylib+0x32eb]  _pthread_body+0x7e
C  [libsystem_pthread.dylib+0x6249]  _pthread_start+0x42
C  [libsystem_pthread.dylib+0x240d]  thread_start+0xd
C  0x0000000000000000

Java frames: (J=compiled Java code, j=interpreted, Vv=VM code)
J 113  java.util.zip.ZipFile.getEntry(J[BZ)J (0 bytes) @ 0x000000011115ac18 [0x000000011115abc0+0x58]
J 325 C1 java.util.zip.ZipFile.getInputStream(Ljava/util/zip/ZipEntry;)Ljava/io/InputStream; (304 bytes) @ 0x00000001111ffe4c [0x00000001111ffac0+0x38c]
j  org.apache.poi.openxml4j.util.ZipSecureFile.getInputStream(Ljava/util/zip/ZipEntry;)Ljava/io/InputStream;+2
j  org.apache.poi.openxml4j.util.ZipFileZipEntrySource.getInputStream(Ljava/util/zip/ZipEntry;)Ljava/io/InputStream;+22
j  org.apache.poi.openxml4j.opc.ZipPackagePart.getInputStreamImpl()Ljava/io/InputStream;+14
j  org.apache.poi.openxml4j.opc.PackagePart.getInputStream()Ljava/io/InputStream;+1
j  org.apache.poi.openxml4j.opc.internal.marshallers.ZipPartMarshaller.marshall(Lorg/apache/poi/openxml4j/opc/PackagePart;Ljava/io/OutputStream;)Z+121
j  org.apache.poi.openxml4j.opc.ZipPackagePart.save(Ljava/io/OutputStream;)Z+9
j  org.apache.poi.openxml4j.opc.internal.marshallers.DefaultMarshaller.marshall(Lorg/apache/poi/openxml4j/opc/PackagePart;Ljava/io/OutputStream;)Z+2
j  org.apache.poi.openxml4j.opc.ZipPackage.saveImpl(Ljava/io/OutputStream;)V+380
j  org.apache.poi.openxml4j.opc.OPCPackage.save(Ljava/io/OutputStream;)V+6
j  org.apache.poi.openxml4j.opc.OPCPackage.save(Ljava/io/File;)V+64
j  org.apache.poi.openxml4j.opc.ZipPackage.closeImpl()V+71
j  org.apache.poi.openxml4j.opc.OPCPackage.close()V+138
j  com.alibaba.excel.analysis.ExcelAnalyserImpl.finish()V+66
j  com.alibaba.excel.ExcelReader.finish()V+17
j  com.alibaba.easyexcel.test.demo.readwrite.ReadWriteTest.sortWords(Ljava/lang/String;II)Ljava/util/List;+92
j  com.alibaba.easyexcel.test.demo.readwrite.ReadWriteTest.TestSortWords()V+93
v  ~StubRoutines::call_stub
j  sun.reflect.NativeMethodAccessorImpl.invoke0(Ljava/lang/reflect/Method;Ljava/lang/Object;[Ljava/lang/Object;)Ljava/lang/Object;+0
j  sun.reflect.NativeMethodAccessorImpl.invoke(Ljava/lang/Object;[Ljava/lang/Object;)Ljava/lang/Object;+100
j  sun.reflect.DelegatingMethodAccessorImpl.invoke(Ljava/lang/Object;[Ljava/lang/Object;)Ljava/lang/Object;+6
j  java.lang.reflect.Method.invoke(Ljava/lang/Object;[Ljava/lang/Object;)Ljava/lang/Object;+56
j  org.junit.runners.model.FrameworkMethod$1.runReflectiveCall()Ljava/lang/Object;+15
j  org.junit.internal.runners.model.ReflectiveCallable.run()Ljava/lang/Object;+1
j  org.junit.runners.model.FrameworkMethod.invokeExplosively(Ljava/lang/Object;[Ljava/lang/Object;)Ljava/lang/Object;+10
j  org.junit.internal.runners.statements.InvokeMethod.evaluate()V+12
j  org.junit.runners.ParentRunner.runLeaf(Lorg/junit/runners/model/Statement;Lorg/junit/runner/Description;Lorg/junit/runner/notification/RunNotifier;)V+17
j  org.junit.runners.BlockJUnit4ClassRunner.runChild(Lorg/junit/runners/model/FrameworkMethod;Lorg/junit/runner/notification/RunNotifier;)V+30
j  org.junit.runners.BlockJUnit4ClassRunner.runChild(Ljava/lang/Object;Lorg/junit/runner/notification/RunNotifier;)V+6
j  org.junit.runners.ParentRunner$3.run()V+12
j  org.junit.runners.ParentRunner$1.schedule(Ljava/lang/Runnable;)V+1
j  org.junit.runners.ParentRunner.runChildren(Lorg/junit/runner/notification/RunNotifier;)V+44
j  org.junit.runners.ParentRunner.access$000(Lorg/junit/runners/ParentRunner;Lorg/junit/runner/notification/RunNotifier;)V+2
j  org.junit.runners.ParentRunner$2.evaluate()V+8
j  org.junit.runners.ParentRunner.run(Lorg/junit/runner/notification/RunNotifier;)V+20
j  org.junit.runner.JUnitCore.run(Lorg/junit/runner/Runner;)Lorg/junit/runner/Result;+37
j  com.intellij.junit4.JUnit4IdeaTestRunner.startRunnerWithArgs([Ljava/lang/String;Ljava/lang/String;IZ)I+146
j  com.intellij.rt.execution.junit.IdeaTestRunner$Repeater.startRunnerWithArgs(Lcom/intellij/rt/execution/junit/IdeaTestRunner;[Ljava/lang/String;Ljava/util/ArrayList;Ljava/lang/String;IZ)I+20
j  com.intellij.rt.execution.junit.JUnitStarter.prepareStreamsAndStart([Ljava/lang/String;Ljava/lang/String;Ljava/util/ArrayList;Ljava/lang/String;)I+116
j  com.intellij.rt.execution.junit.JUnitStarter.main([Ljava/lang/String;)V+116
v  ~StubRoutines::call_stub

---------------  P R O C E S S  ---------------

Java Threads: ( => current thread )
  0x00007fd2e881d000 JavaThread "Service Thread" daemon [_thread_blocked, id=13059, stack(0x00007000049a1000,0x0000700004aa1000)]
  0x00007fd2e7857000 JavaThread "C1 CompilerThread2" daemon [_thread_blocked, id=16131, stack(0x000070000489e000,0x000070000499e000)]
  0x00007fd2e8042000 JavaThread "C2 CompilerThread1" daemon [_thread_in_native, id=12547, stack(0x000070000479b000,0x000070000489b000)]
  0x00007fd2e7856000 JavaThread "C2 CompilerThread0" daemon [_thread_in_native, id=16899, stack(0x0000700004698000,0x0000700004798000)]
  0x00007fd2e803e800 JavaThread "Monitor Ctrl-Break" daemon [_thread_in_native, id=12291, stack(0x0000700004595000,0x0000700004695000)]
  0x00007fd2e8816800 JavaThread "Signal Dispatcher" daemon [_thread_blocked, id=12035, stack(0x0000700004492000,0x0000700004592000)]
  0x00007fd2e782b000 JavaThread "Finalizer" daemon [_thread_in_vm, id=20227, stack(0x000070000438f000,0x000070000448f000)]
  0x00007fd2e782a800 JavaThread "Reference Handler" daemon [_thread_blocked, id=20739, stack(0x000070000428c000,0x000070000438c000)]
=>0x00007fd2e7807800 JavaThread "main" [_thread_in_native, id=6403, stack(0x0000700003c7a000,0x0000700003d7a000)]

Other Threads:
  0x00007fd2e7020800 VMThread [stack: 0x0000700004189000,0x0000700004289000] [id=21251]
  0x00007fd2e7051000 WatcherThread [stack: 0x0000700004aa4000,0x0000700004ba4000] [id=15619]

VM state:not at safepoint (normal execution)

VM Mutex/Monitor currently owned by a thread: None

Heap:
 PSYoungGen      total 38400K, used 14008K [0x0000000795580000, 0x0000000798000000, 0x00000007c0000000)
  eden space 33280K, 26% used [0x0000000795580000,0x0000000795e305d8,0x0000000797600000)
  from space 5120K, 99% used [0x0000000797b00000,0x0000000797ffda30,0x0000000798000000)
  to   space 5120K, 0% used [0x0000000797600000,0x0000000797600000,0x0000000797b00000)
 ParOldGen       total 87552K, used 2203K [0x0000000740000000, 0x0000000745580000, 0x0000000795580000)
  object space 87552K, 2% used [0x0000000740000000,0x0000000740226f60,0x0000000745580000)
 Metaspace       used 15373K, capacity 15540K, committed 15616K, reserved 1062912K
  class space    used 1935K, capacity 1976K, committed 2048K, reserved 1048576K

Card table byte_map: [0x0000000102df7000,0x00000001031f8000] byte_map_base: 0x00000000ff3f7000

Marking Bits: (ParMarkBitMap*) 0x00000001022f1ea0
 Begin Bits: [0x00000001034a3000, 0x00000001054a3000)
 End Bits:   [0x00000001054a3000, 0x00000001074a3000)

Polling page: 0x00000001011e1000

CodeCache: size=245760Kb used=4865Kb max_used=4878Kb free=240894Kb
 bounds [0x0000000111019000, 0x00000001114e9000, 0x0000000120019000]
 total_blobs=1681 nmethods=1307 adapters=287
 compilation: enabled

Compilation events (10 events):
Event: 2.312 Thread 0x00007fd2e7857000 1317       2       java.util.zip.ZipOutputStream::ensureOpen (18 bytes)
Event: 2.312 Thread 0x00007fd2e7857000 nmethod 1317 0x00000001114d4b10 code [0x00000001114d4c80, 0x00000001114d4e88]
Event: 2.314 Thread 0x00007fd2e7857000 1320       2       java.util.TimeZone::getDefaultRef (32 bytes)
Event: 2.314 Thread 0x00007fd2e7857000 nmethod 1320 0x00000001114d4f50 code [0x00000001114d50c0, 0x00000001114d5228]
Event: 2.314 Thread 0x00007fd2e7857000 1319       2       org.apache.poi.openxml4j.opc.PackagePartName::getName (8 bytes)
Event: 2.314 Thread 0x00007fd2e7857000 nmethod 1319 0x00000001114d52d0 code [0x00000001114d5440, 0x00000001114d55f8]
Event: 2.314 Thread 0x00007fd2e7857000 1318       1       org.apache.poi.openxml4j.opc.PackagePart::isRelationshipPart (5 bytes)
Event: 2.315 Thread 0x00007fd2e7857000 nmethod 1318 0x00000001114d5710 code [0x00000001114d5860, 0x00000001114d5970]
Event: 2.316 Thread 0x00007fd2e7857000 1321   !   2       java.util.zip.Deflater::needsInput (27 bytes)
Event: 2.316 Thread 0x00007fd2e7857000 nmethod 1321 0x00000001114d59d0 code [0x00000001114d5b40, 0x00000001114d5e30]

GC Heap History (4 events):
Event: 1.102 GC heap before
{Heap before GC invocations=1 (full 0):
 PSYoungGen      total 38400K, used 33280K [0x0000000795580000, 0x0000000798000000, 0x00000007c0000000)
  eden space 33280K, 100% used [0x0000000795580000,0x0000000797600000,0x0000000797600000)
  from space 5120K, 0% used [0x0000000797b00000,0x0000000797b00000,0x0000000798000000)
  to   space 5120K, 0% used [0x0000000797600000,0x0000000797600000,0x0000000797b00000)
 ParOldGen       total 87552K, used 0K [0x0000000740000000, 0x0000000745580000, 0x0000000795580000)
  object space 87552K, 0% used [0x0000000740000000,0x0000000740000000,0x0000000745580000)
 Metaspace       used 9368K, capacity 9538K, committed 9728K, reserved 1058816K
  class space    used 1126K, capacity 1173K, committed 1280K, reserved 1048576K
Event: 1.107 GC heap after
Heap after GC invocations=1 (full 0):
 PSYoungGen      total 38400K, used 4065K [0x0000000795580000, 0x0000000798000000, 0x00000007c0000000)
  eden space 33280K, 0% used [0x0000000795580000,0x0000000795580000,0x0000000797600000)
  from space 5120K, 79% used [0x0000000797600000,0x00000007979f86e8,0x0000000797b00000)
  to   space 5120K, 0% used [0x0000000797b00000,0x0000000797b00000,0x0000000798000000)
 ParOldGen       total 87552K, used 72K [0x0000000740000000, 0x0000000745580000, 0x0000000795580000)
  object space 87552K, 0% used [0x0000000740000000,0x0000000740012010,0x0000000745580000)
 Metaspace       used 9368K, capacity 9538K, committed 9728K, reserved 1058816K
  class space    used 1126K, capacity 1173K, committed 1280K, reserved 1048576K
}
Event: 2.178 GC heap before
{Heap before GC invocations=2 (full 0):
 PSYoungGen      total 38400K, used 37345K [0x0000000795580000, 0x0000000798000000, 0x00000007c0000000)
  eden space 33280K, 100% used [0x0000000795580000,0x0000000797600000,0x0000000797600000)
  from space 5120K, 79% used [0x0000000797600000,0x00000007979f86e8,0x0000000797b00000)
  to   space 5120K, 0% used [0x0000000797b00000,0x0000000797b00000,0x0000000798000000)
 ParOldGen       total 87552K, used 72K [0x0000000740000000, 0x0000000745580000, 0x0000000795580000)
  object space 87552K, 0% used [0x0000000740000000,0x0000000740012010,0x0000000745580000)
 Metaspace       used 14349K, capacity 14498K, committed 14720K, reserved 1062912K
  class space    used 1815K, capacity 1845K, committed 1920K, reserved 1048576K
Event: 2.187 GC heap after
Heap after GC invocations=2 (full 0):
 PSYoungGen      total 38400K, used 5110K [0x0000000795580000, 0x0000000798000000, 0x00000007c0000000)
  eden space 33280K, 0% used [0x0000000795580000,0x0000000795580000,0x0000000797600000)
  from space 5120K, 99% used [0x0000000797b00000,0x0000000797ffda30,0x0000000798000000)
  to   space 5120K, 0% used [0x0000000797600000,0x0000000797600000,0x0000000797b00000)
 ParOldGen       total 87552K, used 2203K [0x0000000740000000, 0x0000000745580000, 0x0000000795580000)
  object space 87552K, 2% used [0x0000000740000000,0x0000000740226f60,0x0000000745580000)
 Metaspace       used 14349K, capacity 14498K, committed 14720K, reserved 1062912K
  class space    used 1815K, capacity 1845K, committed 1920K, reserved 1048576K
}

Deoptimization events (10 events):
Event: 2.204 Thread 0x00007fd2e782b000 Uncommon trap: reason=class_check action=maybe_recompile pc=0x00000001112af690 method=java.io.FilterInputStream.read([BII)I @ 7
Event: 2.209 Thread 0x00007fd2e782b000 Uncommon trap: reason=class_check action=maybe_recompile pc=0x00000001112af690 method=java.io.FilterInputStream.read([BII)I @ 7
Event: 2.210 Thread 0x00007fd2e782b000 Uncommon trap: reason=class_check action=maybe_recompile pc=0x00000001112af690 method=java.io.FilterInputStream.read([BII)I @ 7
Event: 2.215 Thread 0x00007fd2e7807800 Uncommon trap: reason=unstable_if action=reinterpret pc=0x0000000111410c10 method=com.sun.org.apache.xerces.internal.impl.io.UTF8Reader.read([CII)I @ 399
Event: 2.218 Thread 0x00007fd2e7807800 Uncommon trap: reason=range_check action=make_not_entrant pc=0x00000001113f86f4 method=com.sun.org.apache.xerces.internal.impl.io.UTF8Reader.read([CII)I @ 408
Event: 2.237 Thread 0x00007fd2e782b000 Uncommon trap: reason=class_check action=maybe_recompile pc=0x00000001112b846c method=java.util.HashMap.putVal(ILjava/lang/Object;Ljava/lang/Object;ZZ)Ljava/lang/Object; @ 203
Event: 2.242 Thread 0x00007fd2e782b000 Uncommon trap: reason=class_check action=maybe_recompile pc=0x00000001112b846c method=java.util.HashMap.putVal(ILjava/lang/Object;Ljava/lang/Object;ZZ)Ljava/lang/Object; @ 203
Event: 2.244 Thread 0x00007fd2e782b000 Uncommon trap: reason=class_check action=maybe_recompile pc=0x00000001112b846c method=java.util.HashMap.putVal(ILjava/lang/Object;Ljava/lang/Object;ZZ)Ljava/lang/Object; @ 203
Event: 2.244 Thread 0x00007fd2e782b000 Uncommon trap: reason=class_check action=maybe_recompile pc=0x00000001112b846c method=java.util.HashMap.putVal(ILjava/lang/Object;Ljava/lang/Object;ZZ)Ljava/lang/Object; @ 203
Event: 2.252 Thread 0x00007fd2e782b000 Uncommon trap: reason=class_check action=maybe_recompile pc=0x00000001112b36c0 method=java.util.HashMap.putVal(ILjava/lang/Object;Ljava/lang/Object;ZZ)Ljava/lang/Object; @ 203

Internal exceptions (10 events):
Event: 1.222 Thread 0x00007fd2e7807800 Exception <a 'java/security/PrivilegedActionException'> (0x0000000795c52dc0) thrown at [/Users/java_re/workspace/8-2-build-macosx-x86_64/jdk8u131/8869/hotspot/src/share/vm/prims/jvm.cpp, line 1390]
Event: 1.222 Thread 0x00007fd2e7807800 Exception <a 'java/security/PrivilegedActionException'> (0x0000000795c533a0) thrown at [/Users/java_re/workspace/8-2-build-macosx-x86_64/jdk8u131/8869/hotspot/src/share/vm/prims/jvm.cpp, line 1390]
Event: 1.222 Thread 0x00007fd2e7807800 Exception <a 'java/security/PrivilegedActionException'> (0x0000000795c5eb70) thrown at [/Users/java_re/workspace/8-2-build-macosx-x86_64/jdk8u131/8869/hotspot/src/share/vm/prims/jvm.cpp, line 1390]
Event: 1.222 Thread 0x00007fd2e7807800 Exception <a 'java/security/PrivilegedActionException'> (0x0000000795c5f150) thrown at [/Users/java_re/workspace/8-2-build-macosx-x86_64/jdk8u131/8869/hotspot/src/share/vm/prims/jvm.cpp, line 1390]
Event: 1.924 Thread 0x00007fd2e7807800 Implicit null exception at 0x00000001113b8cf9 to 0x00000001113b8f19
Event: 2.158 Thread 0x00007fd2e7807800 Exception <a 'java/lang/ClassNotFoundException': com/alibaba/easyexcel/test/demo/readwrite/ReadDataBeanInfo> (0x00000007974d46c8) thrown at [/Users/java_re/workspace/8-2-build-macosx-x86_64/jdk8u131/8869/hotspot/src/share/vm/classfile/systemDictionary.cpp
Event: 2.158 Thread 0x00007fd2e7807800 Exception <a 'java/lang/ClassNotFoundException': com/alibaba/easyexcel/test/demo/readwrite/ReadDataCustomizer> (0x00000007974ecc30) thrown at [/Users/java_re/workspace/8-2-build-macosx-x86_64/jdk8u131/8869/hotspot/src/share/vm/classfile/systemDictionary.c
Event: 2.159 Thread 0x00007fd2e7807800 Exception <a 'java/lang/ArrayIndexOutOfBoundsException'> (0x00000007974f89a8) thrown at [/Users/java_re/workspace/8-2-build-macosx-x86_64/jdk8u131/8869/hotspot/src/share/vm/runtime/sharedRuntime.cpp, line 605]
Event: 2.161 Thread 0x00007fd2e7807800 Exception <a 'java/lang/ClassNotFoundException': com/alibaba/easyexcel/test/demo/readwrite/ReadDataBeanInfo> (0x000000079751d5c0) thrown at [/Users/java_re/workspace/8-2-build-macosx-x86_64/jdk8u131/8869/hotspot/src/share/vm/classfile/systemDictionary.cpp
Event: 2.161 Thread 0x00007fd2e7807800 Exception <a 'java/lang/ClassNotFoundException': com/alibaba/easyexcel/test/demo/readwrite/ReadDataCustomizer> (0x00000007975351e8) thrown at [/Users/java_re/workspace/8-2-build-macosx-x86_64/jdk8u131/8869/hotspot/src/share/vm/classfile/systemDictionary.c

Events (10 events):
Event: 2.316 loading class java/nio/channels/spi/AbstractInterruptibleChannel
Event: 2.316 loading class java/nio/channels/InterruptibleChannel
Event: 2.316 loading class java/nio/channels/InterruptibleChannel done
Event: 2.316 loading class java/nio/channels/spi/AbstractInterruptibleChannel done
Event: 2.316 loading class java/nio/channels/FileChannel done
Event: 2.316 loading class sun/nio/ch/FileChannelImpl done
Event: 2.316 loading class java/nio/file/attribute/FileAttribute
Event: 2.317 loading class java/nio/file/attribute/FileAttribute done
Event: 2.317 loading class sun/nio/ch/IOUtil
Event: 2.317 loading class sun/nio/ch/IOUtil done


Dynamic libraries:
0x0000000001d36000 	/System/Library/Frameworks/Cocoa.framework/Versions/A/Cocoa
0x0000000001d36000 	/System/Library/Frameworks/Security.framework/Versions/A/Security
0x0000000001d36000 	/System/Library/Frameworks/ApplicationServices.framework/Versions/A/ApplicationServices
0x0000000001d36000 	/usr/lib/libz.1.dylib
0x0000000001d36000 	/usr/lib/libSystem.B.dylib
0x0000000001d36000 	/usr/lib/libobjc.A.dylib
0x0000000001d36000 	/System/Library/Frameworks/CoreFoundation.framework/Versions/A/CoreFoundation
0x0000000001d36000 	/System/Library/Frameworks/Foundation.framework/Versions/C/Foundation
0x0000000001d36000 	/System/Library/Frameworks/AppKit.framework/Versions/C/AppKit
0x0000000001d36000 	/System/Library/Frameworks/CoreData.framework/Versions/A/CoreData
0x0000000001d36000 	/System/Library/PrivateFrameworks/RemoteViewServices.framework/Versions/A/RemoteViewServices
0x0000000001d36000 	/System/Library/PrivateFrameworks/UIFoundation.framework/Versions/A/UIFoundation
0x0000000001d36000 	/System/Library/PrivateFrameworks/XCTTargetBootstrap.framework/Versions/A/XCTTargetBootstrap
0x0000000001d36000 	/System/Library/Frameworks/CoreDisplay.framework/Versions/A/CoreDisplay
0x0000000001d36000 	/System/Library/PrivateFrameworks/IconServices.framework/Versions/A/IconServices
0x0000000001d36000 	/System/Library/Frameworks/Metal.framework/Versions/A/Metal
0x0000000001d36000 	/System/Library/PrivateFrameworks/DesktopServicesPriv.framework/Versions/A/DesktopServicesPriv
0x0000000001d36000 	/usr/lib/libenergytrace.dylib
0x0000000001d36000 	/System/Library/PrivateFrameworks/SkyLight.framework/Versions/A/SkyLight
0x0000000001d36000 	/System/Library/Frameworks/CoreGraphics.framework/Versions/A/CoreGraphics
0x0000000001d36000 	/System/Library/Frameworks/Accelerate.framework/Versions/A/Accelerate
0x0000000001d36000 	/System/Library/Frameworks/IOSurface.framework/Versions/A/IOSurface
0x0000000001d36000 	/System/Library/PrivateFrameworks/DFRFoundation.framework/Versions/A/DFRFoundation
0x0000000001d36000 	/System/Library/Frameworks/AudioToolbox.framework/Versions/A/AudioToolbox
0x0000000001d36000 	/System/Library/Frameworks/AudioUnit.framework/Versions/A/AudioUnit
0x0000000001d36000 	/System/Library/PrivateFrameworks/DataDetectorsCore.framework/Versions/A/DataDetectorsCore
0x0000000001d36000 	/System/Library/Frameworks/Carbon.framework/Versions/A/Frameworks/HIToolbox.framework/Versions/A/HIToolbox
0x0000000001d36000 	/usr/lib/libicucore.A.dylib
0x0000000001d36000 	/System/Library/Frameworks/QuartzCore.framework/Versions/A/QuartzCore
0x0000000001d36000 	/System/Library/Frameworks/Carbon.framework/Versions/A/Frameworks/SpeechRecognition.framework/Versions/A/SpeechRecognition
0x0000000001d36000 	/usr/lib/libauto.dylib
0x0000000001d36000 	/usr/lib/libxml2.2.dylib
0x0000000001d36000 	/System/Library/PrivateFrameworks/CoreUI.framework/Versions/A/CoreUI
0x0000000001d36000 	/System/Library/Frameworks/CoreAudio.framework/Versions/A/CoreAudio
0x0000000001d36000 	/System/Library/Frameworks/DiskArbitration.framework/Versions/A/DiskArbitration
0x0000000001d36000 	/usr/lib/liblangid.dylib
0x0000000001d36000 	/System/Library/PrivateFrameworks/MultitouchSupport.framework/Versions/A/MultitouchSupport
0x0000000001d36000 	/System/Library/Frameworks/IOKit.framework/Versions/A/IOKit
0x0000000001d36000 	/usr/lib/libDiagnosticMessagesClient.dylib
0x0000000001d36000 	/System/Library/Frameworks/CoreServices.framework/Versions/A/CoreServices
0x0000000001d36000 	/System/Library/PrivateFrameworks/PerformanceAnalysis.framework/Versions/A/PerformanceAnalysis
0x0000000001d36000 	/System/Library/Frameworks/OpenGL.framework/Versions/A/OpenGL
0x0000000001d36000 	/System/Library/Frameworks/ColorSync.framework/Versions/A/ColorSync
0x0000000001d36000 	/System/Library/Frameworks/CoreImage.framework/Versions/A/CoreImage
0x0000000001d36000 	/System/Library/Frameworks/CoreText.framework/Versions/A/CoreText
0x0000000001d36000 	/System/Library/Frameworks/ImageIO.framework/Versions/A/ImageIO
0x0000000001d36000 	/System/Library/PrivateFrameworks/Backup.framework/Versions/A/Backup
0x0000000001d36000 	/usr/lib/libarchive.2.dylib
0x0000000001d36000 	/System/Library/Frameworks/CFNetwork.framework/Versions/A/CFNetwork
0x0000000001d36000 	/System/Library/Frameworks/SystemConfiguration.framework/Versions/A/SystemConfiguration
0x0000000001d36000 	/usr/lib/libCRFSuite.dylib
0x0000000001d36000 	/usr/lib/libc++.1.dylib
0x0000000001d36000 	/usr/lib/libc++abi.dylib
0x0000000001d36000 	/usr/lib/system/libcache.dylib
0x0000000001d36000 	/usr/lib/system/libcommonCrypto.dylib
0x0000000001d36000 	/usr/lib/system/libcompiler_rt.dylib
0x0000000001d36000 	/usr/lib/system/libcopyfile.dylib
0x0000000001d36000 	/usr/lib/system/libcorecrypto.dylib
0x0000000001d36000 	/usr/lib/system/libdispatch.dylib
0x0000000001d36000 	/usr/lib/system/libdyld.dylib
0x0000000001d36000 	/usr/lib/system/libkeymgr.dylib
0x0000000001d36000 	/usr/lib/system/liblaunch.dylib
0x0000000001d36000 	/usr/lib/system/libmacho.dylib
0x0000000001d36000 	/usr/lib/system/libquarantine.dylib
0x0000000001d36000 	/usr/lib/system/libremovefile.dylib
0x0000000001d36000 	/usr/lib/system/libsystem_asl.dylib
0x0000000001d36000 	/usr/lib/system/libsystem_blocks.dylib
0x0000000001d36000 	/usr/lib/system/libsystem_c.dylib
0x0000000001d36000 	/usr/lib/system/libsystem_configuration.dylib
0x0000000001d36000 	/usr/lib/system/libsystem_coreservices.dylib
0x0000000001d36000 	/usr/lib/system/libsystem_darwin.dylib
0x0000000001d36000 	/usr/lib/system/libsystem_dnssd.dylib
0x0000000001d36000 	/usr/lib/system/libsystem_info.dylib
0x0000000001d36000 	/usr/lib/system/libsystem_m.dylib
0x0000000001d36000 	/usr/lib/system/libsystem_malloc.dylib
0x0000000001d36000 	/usr/lib/system/libsystem_networkextension.dylib
0x0000000001d36000 	/usr/lib/system/libsystem_notify.dylib
0x0000000001d36000 	/usr/lib/system/libsystem_sandbox.dylib
0x0000000001d36000 	/usr/lib/system/libsystem_secinit.dylib
0x0000000001d36000 	/usr/lib/system/libsystem_kernel.dylib
0x0000000001d36000 	/usr/lib/system/libsystem_platform.dylib
0x0000000001d36000 	/usr/lib/system/libsystem_pthread.dylib
0x0000000001d36000 	/usr/lib/system/libsystem_symptoms.dylib
0x0000000001d36000 	/usr/lib/system/libsystem_trace.dylib
0x0000000001d36000 	/usr/lib/system/libunwind.dylib
0x0000000001d36000 	/usr/lib/system/libxpc.dylib
0x0000000001d36000 	/usr/lib/libbsm.0.dylib
0x0000000001d36000 	/usr/lib/system/libkxld.dylib
0x0000000001d36000 	/System/Library/PrivateFrameworks/AppleFSCompression.framework/Versions/A/AppleFSCompression
0x0000000001d36000 	/usr/lib/libOpenScriptingUtil.dylib
0x0000000001d36000 	/usr/lib/libcoretls.dylib
0x0000000001d36000 	/usr/lib/libcoretls_cfhelpers.dylib
0x0000000001d36000 	/usr/lib/libpam.2.dylib
0x0000000001d36000 	/usr/lib/libsqlite3.dylib
0x0000000001d36000 	/usr/lib/libxar.1.dylib
0x0000000001d36000 	/usr/lib/libbz2.1.0.dylib
0x0000000001d36000 	/usr/lib/liblzma.5.dylib
0x0000000001d36000 	/usr/lib/libnetwork.dylib
0x0000000001d36000 	/usr/lib/libapple_nghttp2.dylib
0x0000000001d36000 	/usr/lib/libpcap.A.dylib
0x0000000001d36000 	/System/Library/Frameworks/CoreServices.framework/Versions/A/Frameworks/FSEvents.framework/Versions/A/FSEvents
0x0000000001d36000 	/System/Library/Frameworks/CoreServices.framework/Versions/A/Frameworks/CarbonCore.framework/Versions/A/CarbonCore
0x0000000001d36000 	/System/Library/Frameworks/CoreServices.framework/Versions/A/Frameworks/Metadata.framework/Versions/A/Metadata
0x0000000001d36000 	/System/Library/Frameworks/CoreServices.framework/Versions/A/Frameworks/OSServices.framework/Versions/A/OSServices
0x0000000001d36000 	/System/Library/Frameworks/CoreServices.framework/Versions/A/Frameworks/SearchKit.framework/Versions/A/SearchKit
0x0000000001d36000 	/System/Library/Frameworks/CoreServices.framework/Versions/A/Frameworks/AE.framework/Versions/A/AE
0x0000000001d36000 	/System/Library/Frameworks/CoreServices.framework/Versions/A/Frameworks/LaunchServices.framework/Versions/A/LaunchServices
0x0000000001d36000 	/System/Library/Frameworks/CoreServices.framework/Versions/A/Frameworks/DictionaryServices.framework/Versions/A/DictionaryServices
0x0000000001d36000 	/System/Library/Frameworks/CoreServices.framework/Versions/A/Frameworks/SharedFileList.framework/Versions/A/SharedFileList
0x0000000001d36000 	/System/Library/Frameworks/NetFS.framework/Versions/A/NetFS
0x0000000001d36000 	/System/Library/PrivateFrameworks/NetAuth.framework/Versions/A/NetAuth
0x0000000001d36000 	/System/Library/PrivateFrameworks/login.framework/Versions/A/Frameworks/loginsupport.framework/Versions/A/loginsupport
0x0000000001d36000 	/System/Library/PrivateFrameworks/TCC.framework/Versions/A/TCC
0x0000000001d36000 	/System/Library/PrivateFrameworks/CoreNLP.framework/Versions/A/CoreNLP
0x0000000001d36000 	/System/Library/PrivateFrameworks/MetadataUtilities.framework/Versions/A/MetadataUtilities
0x0000000001d36000 	/usr/lib/libmecabra.dylib
0x0000000001d36000 	/System/Library/Frameworks/ApplicationServices.framework/Versions/A/Frameworks/ATS.framework/Versions/A/ATS
0x0000000001d36000 	/System/Library/Frameworks/ApplicationServices.framework/Versions/A/Frameworks/ColorSyncLegacy.framework/Versions/A/ColorSyncLegacy
0x0000000001d36000 	/System/Library/Frameworks/ApplicationServices.framework/Versions/A/Frameworks/HIServices.framework/Versions/A/HIServices
0x0000000001d36000 	/System/Library/Frameworks/ApplicationServices.framework/Versions/A/Frameworks/LangAnalysis.framework/Versions/A/LangAnalysis
0x0000000001d36000 	/System/Library/Frameworks/ApplicationServices.framework/Versions/A/Frameworks/PrintCore.framework/Versions/A/PrintCore
0x0000000001d36000 	/System/Library/Frameworks/ApplicationServices.framework/Versions/A/Frameworks/QD.framework/Versions/A/QD
0x0000000001d36000 	/System/Library/Frameworks/ApplicationServices.framework/Versions/A/Frameworks/SpeechSynthesis.framework/Versions/A/SpeechSynthesis
0x0000000001d36000 	/usr/lib/libcompression.dylib
0x0000000001d36000 	/System/Library/Frameworks/MetalPerformanceShaders.framework/Versions/A/MetalPerformanceShaders
0x0000000001d36000 	/System/Library/Frameworks/Accelerate.framework/Versions/A/Frameworks/vImage.framework/Versions/A/vImage
0x0000000001d36000 	/System/Library/Frameworks/Accelerate.framework/Versions/A/Frameworks/vecLib.framework/Versions/A/vecLib
0x0000000001d36000 	/System/Library/Frameworks/Accelerate.framework/Versions/A/Frameworks/vecLib.framework/Versions/A/libvMisc.dylib
0x0000000001d36000 	/System/Library/Frameworks/Accelerate.framework/Versions/A/Frameworks/vecLib.framework/Versions/A/libvDSP.dylib
0x0000000001d36000 	/System/Library/Frameworks/Accelerate.framework/Versions/A/Frameworks/vecLib.framework/Versions/A/libBLAS.dylib
0x0000000001d36000 	/System/Library/Frameworks/Accelerate.framework/Versions/A/Frameworks/vecLib.framework/Versions/A/libLAPACK.dylib
0x0000000001d36000 	/System/Library/Frameworks/Accelerate.framework/Versions/A/Frameworks/vecLib.framework/Versions/A/libLinearAlgebra.dylib
0x0000000001d36000 	/System/Library/Frameworks/Accelerate.framework/Versions/A/Frameworks/vecLib.framework/Versions/A/libSparseBLAS.dylib
0x0000000001d36000 	/System/Library/Frameworks/Accelerate.framework/Versions/A/Frameworks/vecLib.framework/Versions/A/libQuadrature.dylib
0x0000000001d36000 	/System/Library/Frameworks/Accelerate.framework/Versions/A/Frameworks/vecLib.framework/Versions/A/libBNNS.dylib
0x0000000001d36000 	/System/Library/Frameworks/Accelerate.framework/Versions/A/Frameworks/vecLib.framework/Versions/A/libSparse.dylib
0x0000000001d36000 	/System/Library/PrivateFrameworks/GPUWrangler.framework/Versions/A/GPUWrangler
0x0000000001d36000 	/System/Library/PrivateFrameworks/IOAccelerator.framework/Versions/A/IOAccelerator
0x0000000001d36000 	/System/Library/PrivateFrameworks/IOPresentment.framework/Versions/A/IOPresentment
0x0000000001d36000 	/System/Library/PrivateFrameworks/DSExternalDisplay.framework/Versions/A/DSExternalDisplay
0x0000000001d36000 	/System/Library/Frameworks/OpenGL.framework/Versions/A/Libraries/libCoreFSCache.dylib
0x0000000001d36000 	/System/Library/Frameworks/MetalPerformanceShaders.framework/Frameworks/MPSCore.framework/Versions/A/MPSCore
0x0000000001d36000 	/System/Library/Frameworks/MetalPerformanceShaders.framework/Frameworks/MPSImage.framework/Versions/A/MPSImage
0x0000000001d36000 	/System/Library/Frameworks/MetalPerformanceShaders.framework/Frameworks/MPSNeuralNetwork.framework/Versions/A/MPSNeuralNetwork
0x0000000001d36000 	/System/Library/Frameworks/MetalPerformanceShaders.framework/Frameworks/MPSMatrix.framework/Versions/A/MPSMatrix
0x0000000001d36000 	/System/Library/Frameworks/MetalPerformanceShaders.framework/Frameworks/MPSRayIntersector.framework/Versions/A/MPSRayIntersector
0x0000000001d36000 	/System/Library/PrivateFrameworks/MetalTools.framework/Versions/A/MetalTools
0x0000000001d36000 	/System/Library/PrivateFrameworks/AggregateDictionary.framework/Versions/A/AggregateDictionary
0x0000000001d36000 	/usr/lib/libMobileGestalt.dylib
0x0000000001d36000 	/System/Library/Frameworks/CoreVideo.framework/Versions/A/CoreVideo
0x0000000001d36000 	/System/Library/PrivateFrameworks/GraphVisualizer.framework/Versions/A/GraphVisualizer
0x0000000001d36000 	/System/Library/PrivateFrameworks/FaceCore.framework/Versions/A/FaceCore
0x0000000001d36000 	/System/Library/Frameworks/OpenCL.framework/Versions/A/OpenCL
0x0000000001d36000 	/usr/lib/libFosl_dynamic.dylib
0x0000000001d36000 	/System/Library/PrivateFrameworks/OTSVG.framework/Versions/A/OTSVG
0x0000000001d36000 	/System/Library/Frameworks/ApplicationServices.framework/Versions/A/Frameworks/ATS.framework/Versions/A/Resources/libFontParser.dylib
0x0000000001d36000 	/System/Library/Frameworks/ApplicationServices.framework/Versions/A/Frameworks/ATS.framework/Versions/A/Resources/libFontRegistry.dylib
0x0000000001d36000 	/System/Library/Frameworks/ImageIO.framework/Versions/A/Resources/libJPEG.dylib
0x0000000001d36000 	/System/Library/Frameworks/ImageIO.framework/Versions/A/Resources/libTIFF.dylib
0x0000000001d36000 	/System/Library/Frameworks/ImageIO.framework/Versions/A/Resources/libPng.dylib
0x0000000001d36000 	/System/Library/Frameworks/ImageIO.framework/Versions/A/Resources/libGIF.dylib
0x0000000001d36000 	/System/Library/Frameworks/ImageIO.framework/Versions/A/Resources/libJP2.dylib
0x0000000001d36000 	/System/Library/Frameworks/ImageIO.framework/Versions/A/Resources/libRadiance.dylib
0x0000000001d36000 	/System/Library/PrivateFrameworks/AppleJPEG.framework/Versions/A/AppleJPEG
0x0000000001d36000 	/System/Library/Frameworks/OpenGL.framework/Versions/A/Libraries/libGFXShared.dylib
0x0000000001d36000 	/System/Library/Frameworks/OpenGL.framework/Versions/A/Libraries/libGLU.dylib
0x0000000001d36000 	/System/Library/Frameworks/OpenGL.framework/Versions/A/Libraries/libGL.dylib
0x0000000001d36000 	/System/Library/Frameworks/OpenGL.framework/Versions/A/Libraries/libGLImage.dylib
0x0000000001d36000 	/System/Library/Frameworks/OpenGL.framework/Versions/A/Libraries/libCVMSPluginSupport.dylib
0x0000000001d36000 	/System/Library/Frameworks/OpenGL.framework/Versions/A/Libraries/libCoreVMClient.dylib
0x0000000001d36000 	/usr/lib/libcups.2.dylib
0x0000000001d36000 	/System/Library/Frameworks/Kerberos.framework/Versions/A/Kerberos
0x0000000001d36000 	/System/Library/Frameworks/GSS.framework/Versions/A/GSS
0x0000000001d36000 	/usr/lib/libresolv.9.dylib
0x0000000001d36000 	/usr/lib/libiconv.2.dylib
0x0000000001d36000 	/System/Library/PrivateFrameworks/Heimdal.framework/Versions/A/Heimdal
0x0000000001d36000 	/usr/lib/libheimdal-asn1.dylib
0x0000000001d36000 	/System/Library/Frameworks/OpenDirectory.framework/Versions/A/OpenDirectory
0x0000000001d36000 	/System/Library/PrivateFrameworks/CommonAuth.framework/Versions/A/CommonAuth
0x0000000001d36000 	/System/Library/Frameworks/OpenDirectory.framework/Versions/A/Frameworks/CFOpenDirectory.framework/Versions/A/CFOpenDirectory
0x0000000001d36000 	/System/Library/Frameworks/SecurityFoundation.framework/Versions/A/SecurityFoundation
0x0000000001d36000 	/System/Library/PrivateFrameworks/APFS.framework/Versions/A/APFS
0x0000000001d36000 	/usr/lib/libutil.dylib
0x0000000001d36000 	/usr/lib/libcharset.1.dylib
0x0000000001d36000 	/System/Library/PrivateFrameworks/AppleSauce.framework/Versions/A/AppleSauce
0x0000000001d36000 	/System/Library/PrivateFrameworks/AssertionServices.framework/Versions/A/AssertionServices
0x0000000001d36000 	/System/Library/PrivateFrameworks/BaseBoard.framework/Versions/A/BaseBoard
0x0000000001d36000 	/usr/lib/libmecab.1.0.0.dylib
0x0000000001d36000 	/usr/lib/libgermantok.dylib
0x0000000001d36000 	/usr/lib/libThaiTokenizer.dylib
0x0000000001d36000 	/usr/lib/libChineseTokenizer.dylib
0x0000000001d36000 	/System/Library/PrivateFrameworks/LanguageModeling.framework/Versions/A/LanguageModeling
0x0000000001d36000 	/System/Library/PrivateFrameworks/CoreEmoji.framework/Versions/A/CoreEmoji
0x0000000001d36000 	/System/Library/PrivateFrameworks/Lexicon.framework/Versions/A/Lexicon
0x0000000001d36000 	/System/Library/PrivateFrameworks/LinguisticData.framework/Versions/A/LinguisticData
0x0000000001d36000 	/usr/lib/libcmph.dylib
0x0000000001d36000 	/System/Library/Frameworks/ServiceManagement.framework/Versions/A/ServiceManagement
0x0000000001d36000 	/System/Library/PrivateFrameworks/BackgroundTaskManagement.framework/Versions/A/BackgroundTaskManagement
0x0000000001d36000 	/usr/lib/libxslt.1.dylib
0x0000000001d36000 	/System/Library/Frameworks/Carbon.framework/Versions/A/Frameworks/Ink.framework/Versions/A/Ink
0x0000000001d36000 	/System/Library/PrivateFrameworks/TextureIO.framework/Versions/A/TextureIO
0x0000000001d36000 	/usr/lib/libate.dylib
0x0000000001d36000 	/System/Library/PrivateFrameworks/CrashReporterSupport.framework/Versions/A/CrashReporterSupport
0x0000000001d36000 	/System/Library/PrivateFrameworks/Sharing.framework/Versions/A/Sharing
0x0000000001d36000 	/System/Library/PrivateFrameworks/AuthKit.framework/Versions/A/AuthKit
0x0000000001d36000 	/System/Library/PrivateFrameworks/Apple80211.framework/Versions/A/Apple80211
0x0000000001d36000 	/System/Library/PrivateFrameworks/CoreUtils.framework/Versions/A/CoreUtils
0x0000000001d36000 	/System/Library/Frameworks/CoreWLAN.framework/Versions/A/CoreWLAN
0x0000000001d36000 	/System/Library/Frameworks/IOBluetooth.framework/Versions/A/IOBluetooth
0x0000000001d36000 	/System/Library/PrivateFrameworks/ProtocolBuffer.framework/Versions/A/ProtocolBuffer
0x0000000001d36000 	/System/Library/PrivateFrameworks/MobileKeyBag.framework/Versions/A/MobileKeyBag
0x0000000001d36000 	/System/Library/PrivateFrameworks/CorePhoneNumbers.framework/Versions/A/CorePhoneNumbers
0x0000000001d36000 	/System/Library/PrivateFrameworks/AppleIDAuthSupport.framework/Versions/A/AppleIDAuthSupport
0x0000000001d36000 	/System/Library/PrivateFrameworks/KeychainCircle.framework/Versions/A/KeychainCircle
0x0000000001d36000 	/System/Library/PrivateFrameworks/ROCKit.framework/Versions/A/ROCKit
0x0000000001d36000 	/System/Library/PrivateFrameworks/CoreWiFi.framework/Versions/A/CoreWiFi
0x0000000001d36000 	/System/Library/Frameworks/CoreBluetooth.framework/Versions/A/CoreBluetooth
0x0000000001d36000 	/System/Library/PrivateFrameworks/DebugSymbols.framework/Versions/A/DebugSymbols
0x0000000001d36000 	/System/Library/PrivateFrameworks/CoreSymbolication.framework/Versions/A/CoreSymbolication
0x0000000001d36000 	/System/Library/PrivateFrameworks/Symbolication.framework/Versions/A/Symbolication
0x0000000001d36000 	/System/Library/PrivateFrameworks/SpeechRecognitionCore.framework/Versions/A/SpeechRecognitionCore
0x0000000001d36000 	/System/Library/CoreServices/Encodings/libSimplifiedChineseConverter.dylib
0x0000000101a00000 	/Library/Java/JavaVirtualMachines/jdk1.8.0_131.jdk/Contents/Home/jre/lib/server/libjvm.dylib
0x0000000001d36000 	/usr/lib/libstdc++.6.dylib
0x000000010119e000 	/Library/Java/JavaVirtualMachines/jdk1.8.0_131.jdk/Contents/Home/jre/lib/libverify.dylib
0x00000001011ac000 	/Library/Java/JavaVirtualMachines/jdk1.8.0_131.jdk/Contents/Home/jre/lib/libjava.dylib
0x00000001029a3000 	/Library/Java/JavaVirtualMachines/jdk1.8.0_131.jdk/Contents/Home/jre/lib/libinstrument.dylib
0x00000001011eb000 	/Library/Java/JavaVirtualMachines/jdk1.8.0_131.jdk/Contents/Home/jre/lib/libzip.dylib
0x0000000001d36000 	/System/Library/Frameworks/JavaVM.framework/Versions/A/Frameworks/JavaRuntimeSupport.framework/Versions/A/JavaRuntimeSupport
0x0000000001d36000 	/System/Library/Frameworks/JavaVM.framework/Versions/A/Frameworks/JavaNativeFoundation.framework/Versions/A/JavaNativeFoundation
0x0000000001d36000 	/System/Library/Frameworks/JavaVM.framework/Versions/A/JavaVM
0x0000000001d36000 	/System/Library/Frameworks/Carbon.framework/Versions/A/Carbon
0x0000000001d36000 	/System/Library/PrivateFrameworks/JavaLaunching.framework/Versions/A/JavaLaunching
0x0000000001d36000 	/System/Library/Frameworks/Carbon.framework/Versions/A/Frameworks/CommonPanels.framework/Versions/A/CommonPanels
0x0000000001d36000 	/System/Library/Frameworks/Carbon.framework/Versions/A/Frameworks/Help.framework/Versions/A/Help
0x0000000001d36000 	/System/Library/Frameworks/Carbon.framework/Versions/A/Frameworks/ImageCapture.framework/Versions/A/ImageCapture
0x0000000001d36000 	/System/Library/Frameworks/Carbon.framework/Versions/A/Frameworks/OpenScripting.framework/Versions/A/OpenScripting
0x0000000001d36000 	/System/Library/Frameworks/Carbon.framework/Versions/A/Frameworks/Print.framework/Versions/A/Print
0x0000000001d36000 	/System/Library/Frameworks/Carbon.framework/Versions/A/Frameworks/SecurityHI.framework/Versions/A/SecurityHI
0x000000010adaf000 	/Library/Java/JavaVirtualMachines/jdk1.8.0_131.jdk/Contents/Home/jre/lib/libnet.dylib
0x000000010b97b000 	/Library/Java/JavaVirtualMachines/jdk1.8.0_131.jdk/Contents/Home/jre/lib/libnio.dylib

VM Arguments:
jvm_args: -ea -Didea.test.cyclic.buffer.size=1048576 -javaagent:/Applications/IntelliJ IDEA.app/Contents/lib/idea_rt.jar=59865:/Applications/IntelliJ IDEA.app/Contents/bin -Dfile.encoding=UTF-8 
java_command: com.intellij.rt.execution.junit.JUnitStarter -ideVersion5 com.alibaba.easyexcel.test.demo.readwrite.ReadWriteTest,TestSortWords
java_class_path (initial): /Applications/IntelliJ IDEA.app/Contents/lib/idea_rt.jar:/Applications/IntelliJ IDEA.app/Contents/plugins/junit/lib/junit-rt.jar:/Library/Java/JavaVirtualMachines/jdk1.8.0_131.jdk/Contents/Home/jre/lib/charsets.jar:/Library/Java/JavaVirtualMachines/jdk1.8.0_131.jdk/Contents/Home/jre/lib/deploy.jar:/Library/Java/JavaVirtualMachines/jdk1.8.0_131.jdk/Contents/Home/jre/lib/ext/cldrdata.jar:/Library/Java/JavaVirtualMachines/jdk1.8.0_131.jdk/Contents/Home/jre/lib/ext/dnsns.jar:/Library/Java/JavaVirtualMachines/jdk1.8.0_131.jdk/Contents/Home/jre/lib/ext/jaccess.jar:/Library/Java/JavaVirtualMachines/jdk1.8.0_131.jdk/Contents/Home/jre/lib/ext/jfxrt.jar:/Library/Java/JavaVirtualMachines/jdk1.8.0_131.jdk/Contents/Home/jre/lib/ext/localedata.jar:/Library/Java/JavaVirtualMachines/jdk1.8.0_131.jdk/Contents/Home/jre/lib/ext/nashorn.jar:/Library/Java/JavaVirtualMachines/jdk1.8.0_131.jdk/Contents/Home/jre/lib/ext/sunec.jar:/Library/Java/JavaVirtualMachines/jdk1.8.0_131.jdk/Contents/Home/jre/lib/ext/sunjce_provider.jar:/Library/Java/JavaVirtualMachines/jdk1.8.0_131.jdk/Contents/Home/jre/lib/ext/sunpkcs11.jar:/Library/Java/JavaVirtualMachines/jdk1.8.0_131.jdk/Contents/Home/jre/lib/ext/zipfs.jar:/Library/Java/JavaVirtualMachines/jdk1.8.0_131.jdk/Contents/Home/jre/lib/javaws.jar:/Library/Java/JavaVirtualMachines/jdk1.8.0_131.jdk/Contents/Home/jre/lib/jce.jar:/Library/Java/JavaVirtualMachines/jdk1.8.0_131.jdk/Contents/Home/jre/lib/jfr.jar:/Library/Java/JavaVirtualMachines/jdk1.8.0_131.jdk/Contents/Home/jre/lib/jfxswt.jar:/Library/Java/JavaVirtualMachines/jdk1.8.0_131.jdk/Contents/Home/jre/lib/jsse.jar:/Library/Java/JavaVirtualMachines/jdk1.8.0_131.jdk/Contents/Home/jre/lib/management-agent.jar:/Library/Java/JavaVirtualMachines/jdk1.8.0_131.jdk/Contents/Home/jre/lib/plugin.jar:/Library/Java/JavaVirtualMachines/jdk1.8.0_131.jdk/Contents/Home/jre/lib/resources.jar:/Library/Java/JavaVirtualMachines/jdk1.8.0_131.jdk/Contents/Home/jre/lib/rt.jar:/Library/Java/JavaV
Launcher Type: SUN_STANDARD

Environment Variables:
PATH=/usr/local/opt/binutils/bin:/Library/Frameworks/Python.framework/Versions/3.7/bin:/usr/local/bin:/usr/bin:/bin:/usr/sbin:/sbin:/Applications/VMware Fusion.app/Contents/Public:/usr/local/aria2/bin:/Applications/Wireshark.app/Contents/MacOS:/Users/liqiang/.rvm/bin:/Users/liqiang/Library/Android/android-sdk-macosx/tools
SHELL=/bin/bash

Signal Handlers:
SIGSEGV: [libjvm.dylib+0x5b1eb1], sa_mask[0]=11111111011111110111111111111111, sa_flags=SA_ONSTACK|SA_RESTART|SA_SIGINFO
SIGBUS: [libjvm.dylib+0x5b1eb1], sa_mask[0]=11111111011111110111111111111111, sa_flags=SA_RESTART|SA_SIGINFO
SIGFPE: [libjvm.dylib+0x488988], sa_mask[0]=11111111011111110111111111111111, sa_flags=SA_RESTART|SA_SIGINFO
SIGPIPE: [libjvm.dylib+0x488988], sa_mask[0]=11111111011111110111111111111111, sa_flags=SA_RESTART|SA_SIGINFO
SIGXFSZ: [libjvm.dylib+0x488988], sa_mask[0]=11111111011111110111111111111111, sa_flags=SA_RESTART|SA_SIGINFO
SIGILL: [libjvm.dylib+0x488988], sa_mask[0]=11111111011111110111111111111111, sa_flags=SA_RESTART|SA_SIGINFO
SIGUSR1: SIG_DFL, sa_mask[0]=00000000000000000000000000000000, sa_flags=none
SIGUSR2: [libjvm.dylib+0x4884a6], sa_mask[0]=00100000000000000000000000000000, sa_flags=SA_RESTART|SA_SIGINFO
SIGHUP: [libjvm.dylib+0x486a7d], sa_mask[0]=11111111011111110111111111111111, sa_flags=SA_RESTART|SA_SIGINFO
SIGINT: [libjvm.dylib+0x486a7d], sa_mask[0]=11111111011111110111111111111111, sa_flags=SA_RESTART|SA_SIGINFO
SIGTERM: [libjvm.dylib+0x486a7d], sa_mask[0]=11111111011111110111111111111111, sa_flags=SA_RESTART|SA_SIGINFO
SIGQUIT: [libjvm.dylib+0x486a7d], sa_mask[0]=11111111011111110111111111111111, sa_flags=SA_RESTART|SA_SIGINFO


---------------  S Y S T E M  ---------------

OS:Bsduname:Darwin 18.7.0 Darwin Kernel Version 18.7.0: Tue Aug 20 16:57:14 PDT 2019; root:xnu-4903.271.2~2/RELEASE_X86_64 x86_64
rlimit: STACK 8192k, CORE 0k, NPROC 709, NOFILE 10240, AS infinity
load average:3.50 3.49 2.36

CPU:total 4 (initial active 4) (2 cores per cpu, 2 threads per core) family 6 model 78 stepping 3, cmov, cx8, fxsr, mmx, sse, sse2, sse3, ssse3, sse4.1, sse4.2, popcnt, avx, avx2, aes, clmul, erms, rtm, 3dnowpref, lzcnt, ht, tsc, tscinvbit, bmi1, bmi2, adx

Memory: 4k page, physical 8388608k(780904k free)

/proc/meminfo:


vm_info: Java HotSpot(TM) 64-Bit Server VM (25.131-b11) for bsd-amd64 JRE (1.8.0_131-b11), built on Mar 15 2017 01:32:22 by "java_re" with gcc 4.2.1 (Based on Apple Inc. build 5658) (LLVM build 2336.11.00)

time: Fri Sep 27 11:01:18 2019
elapsed time: 2 seconds (0d 0h 0m 2s)

